<?xml version="1.0" encoding="UTF-8"?>
<!-- Generated by org.testng.reporters.JUnitReportReporter -->
<testsuite skipped="0" hostname="SubhadeepLaptop" name="com.qa.runner.RunnerClass" tests="1" failures="0" timestamp="27 Jun 2021 17:12:50 GMT" time="23.735" errors="0">
  <testcase name="feature" time="23.735" classname="com.qa.runner.RunnerClass"/>
</testsuite> <!-- com.qa.runner.RunnerClass -->
